TN:
SF:/Users/Rinzler/Projects/Personal/build-tools/src/js/modules/Github.js
FN:12,(anonymous_1)
FN:12,defineProperties
FN:12,(anonymous_3)
FN:24,_interopRequireDefault
FN:26,_asyncToGenerator
FN:26,(anonymous_6)
FN:26,(anonymous_7)
FN:26,step
FN:26,(anonymous_9)
FN:26,(anonymous_10)
FN:28,_classCallCheck
FN:30,(anonymous_12)
FN:31,GitHub
FN:44,(anonymous_14)
FN:45,_callee
FN:46,_callee$
FN:64,getUserData
FN:75,render
FNF:18
FNH:18
FNDA:1,(anonymous_1)
FNDA:1,defineProperties
FNDA:1,(anonymous_3)
FNDA:2,_interopRequireDefault
FNDA:1,_asyncToGenerator
FNDA:3,(anonymous_6)
FNDA:3,(anonymous_7)
FNDA:3,step
FNDA:0,(anonymous_9)
FNDA:0,(anonymous_10)
FNDA:11,_classCallCheck
FNDA:1,(anonymous_12)
FNDA:11,GitHub
FNDA:1,(anonymous_14)
FNDA:3,_callee
FNDA:3,_callee$
FNDA:3,getUserData
FNDA:4,render
DA:0,11
DA:7,1
DA:10,11
DA:11,11
DA:12,2
DA:15,9
DA:16,9
DA:24,4
DA:25,4
DA:43,4
DA:47,4
DA:49,4
DA:51,4
LF:13
LH:13
BRDA:12,1,0,2
BRDA:12,1,1,2
BRDA:12,2,0,2
BRDA:12,2,1,0
BRDA:12,3,0,1
BRDA:12,3,1,0
BRDA:12,4,0,0
BRDA:12,4,1,1
BRDA:24,5,0,0
BRDA:24,5,1,2
BRDA:24,6,0,2
BRDA:24,6,1,2
BRDA:26,7,0,0
BRDA:26,7,1,3
BRDA:28,8,0,0
BRDA:28,8,1,11
BRDA:34,9,0,2
BRDA:34,9,1,9
BRDA:34,10,0,11
BRDA:34,10,1,10
BRDA:48,11,0,3
BRDA:48,11,1,0
BRDA:48,11,2,0
BRDA:48,11,3,0
BRDA:87,12,0,0
BRDA:87,12,1,4
BRDA:93,13,0,0
BRDA:93,13,1,4
BRF:28
BRH:26
end_of_record
