TN:
SF:/Users/Rinzler/Projects/Personal/build-tools/src/js/modules/Github.js
FN:12,(anonymous_1)
FN:12,defineProperties
FN:12,(anonymous_3)
FN:24,_interopRequireDefault
FN:26,_asyncToGenerator
FN:26,(anonymous_6)
FN:26,(anonymous_7)
FN:26,step
FN:26,(anonymous_9)
FN:26,(anonymous_10)
FN:28,_classCallCheck
FN:30,(anonymous_12)
FN:31,GitHub
FN:44,(anonymous_14)
FN:45,_callee
FN:46,_callee$
FN:64,getUserData
FN:75,render
FNF:18
FNH:18
FNDA:1,(anonymous_1)
FNDA:1,defineProperties
FNDA:1,(anonymous_3)
FNDA:2,_interopRequireDefault
FNDA:1,_asyncToGenerator
FNDA:1,(anonymous_6)
FNDA:1,(anonymous_7)
FNDA:1,step
FNDA:0,(anonymous_9)
FNDA:0,(anonymous_10)
FNDA:7,_classCallCheck
FNDA:1,(anonymous_12)
FNDA:7,GitHub
FNDA:1,(anonymous_14)
FNDA:1,_callee
FNDA:1,_callee$
FNDA:1,getUserData
FNDA:0,render
DA:0,7
DA:7,1
DA:10,7
DA:11,7
DA:12,2
DA:15,5
DA:16,5
DA:24,0
DA:25,0
DA:43,0
DA:47,0
DA:49,0
DA:51,0
LF:13
LH:7
BRDA:12,1,0,2
BRDA:12,1,1,2
BRDA:12,2,0,2
BRDA:12,2,1,0
BRDA:12,3,0,1
BRDA:12,3,1,0
BRDA:12,4,0,0
BRDA:12,4,1,1
BRDA:24,5,0,0
BRDA:24,5,1,2
BRDA:24,6,0,2
BRDA:24,6,1,2
BRDA:26,7,0,0
BRDA:26,7,1,1
BRDA:28,8,0,0
BRDA:28,8,1,7
BRDA:34,9,0,2
BRDA:34,9,1,5
BRDA:34,10,0,7
BRDA:34,10,1,6
BRDA:48,11,0,1
BRDA:48,11,1,0
BRDA:48,11,2,0
BRDA:48,11,3,0
BRDA:87,12,0,0
BRDA:87,12,1,0
BRDA:93,13,0,0
BRDA:93,13,1,0
BRF:28
BRH:24
end_of_record
